<?xml version="1.0" encoding="UTF-8"?>
<!-- Generated by org.testng.reporters.JUnitXMLReporter -->
<testsuite hostname="Nikhil" ignored="0" name="Test" tests="4" failures="0" timestamp="20 Apr 2019 17:46:26 GMT" time="0.06" errors="0">
  <testcase name="BrowserTest" time="0.012" classname="qaclickacademy.SeleniumTest"/>
  <testcase name="ContentTest" time="0.0" classname="qaclickacademy.SeleniumTest"/>
  <testcase name="deleteTwitter" time="0.0" classname="qaclickacademy.RestAPITest"/>
  <testcase name="posJira" time="0.0" classname="qaclickacademy.RestAPITest"/>
</testsuite> <!-- Test -->
