<?xml version="1.0" encoding="UTF-8"?>
<testng-results skipped="0" failed="0" ignored="0" total="4" passed="4">
  <reporter-output>
  </reporter-output>
  <suite name="Suite" duration-ms="60" started-at="2019-04-20T17:46:26Z" finished-at="2019-04-20T17:46:26Z">
    <groups>
    </groups>
    <test name="Test" duration-ms="60" started-at="2019-04-20T17:46:26Z" finished-at="2019-04-20T17:46:26Z">
      <class name="qaclickacademy.RestAPITest">
        <test-method status="PASS" signature="deleteTwitter()[pri:0, instance:qaclickacademy.RestAPITest@f8360d]" name="deleteTwitter" duration-ms="0" started-at="2019-04-20T17:46:26Z" finished-at="2019-04-20T17:46:26Z">
          <reporter-output>
          </reporter-output>
        </test-method> <!-- deleteTwitter -->
        <test-method status="PASS" signature="posJira()[pri:0, instance:qaclickacademy.RestAPITest@f8360d]" name="posJira" duration-ms="0" started-at="2019-04-20T17:46:26Z" finished-at="2019-04-20T17:46:26Z">
          <reporter-output>
          </reporter-output>
        </test-method> <!-- posJira -->
      </class> <!-- qaclickacademy.RestAPITest -->
      <class name="qaclickacademy.SeleniumTest">
        <test-method status="PASS" signature="BrowserTest()[pri:0, instance:qaclickacademy.SeleniumTest@1dc03ce]" name="BrowserTest" duration-ms="12" started-at="2019-04-20T17:46:26Z" finished-at="2019-04-20T17:46:26Z">
          <reporter-output>
          </reporter-output>
        </test-method> <!-- BrowserTest -->
        <test-method status="PASS" signature="ContentTest()[pri:0, instance:qaclickacademy.SeleniumTest@1dc03ce]" name="ContentTest" duration-ms="0" started-at="2019-04-20T17:46:26Z" finished-at="2019-04-20T17:46:26Z">
          <reporter-output>
          </reporter-output>
        </test-method> <!-- ContentTest -->
      </class> <!-- qaclickacademy.SeleniumTest -->
    </test> <!-- Test -->
  </suite> <!-- Suite -->
</testng-results>
